PLINK v1.90b6.26 64-bit (2 Apr 2022)
Options in effect:
  --bfile HapMap_3_r3_13
  --covar covar_mds.txt
  --hide-covar
  --logistic
  --out logistic_results

Hostname: francesco-latitudee6540
Working directory: /home/francesco/Dropbox/Corsi/Antropologia_Molecolare_e_genetica_delle_dipendenzeII/Esercitazioni/L3_2022/3_Association_GWAS
Start time: Wed May 25 15:37:51 2022

Note: --hide-covar flag deprecated.  Use e.g. "--linear hide-covar".
Random number seed: 1653485871
15906 MB RAM detected; reserving 7953 MB for main workspace.
1073226 variants loaded from .bim file.
109 people (55 males, 54 females) loaded from .fam.
109 phenotype values loaded from .fam.
Using 1 thread (no multithreaded calculations invoked).
--covar: 10 covariates loaded.
Before main variant filters, 109 founders and 0 nonfounders present.
Calculating allele frequencies... done.
Total genotyping rate is 0.998028.
1073226 variants and 109 people pass filters and QC.
Among remaining phenotypes, 54 are cases and 55 are controls.
Writing logistic model association results to logistic_results.assoc.logistic
... done.

End time: Wed May 25 15:38:23 2022
