PLINK v1.90b6.21 64-bit (19 Oct 2020)
Options in effect:
  --bfile HapMap_3_r3_5
  --impute-sex
  --make-bed
  --out HapMap_3_r3_6

Hostname: francesco-ThinkPad-T470
Working directory: /home/francesco/Dropbox/Corsi/Antropologia_Molecolare_e_genetica_delle_dipendenzeII/Esercitazioni/L3_2022/1_QC_GWAS
Start time: Sun May 22 10:48:47 2022

Random number seed: 1653209327
15655 MB RAM detected; reserving 7827 MB for main workspace.
1430443 variants loaded from .bim file.
165 people (80 males, 85 females) loaded from .fam.
112 phenotype values loaded from .fam.
Using 1 thread (no multithreaded calculations invoked).
Before main variant filters, 112 founders and 53 nonfounders present.
Calculating allele frequencies... done.
Warning: 179 het. haploid genotypes present (see HapMap_3_r3_6.hh ); many
commands treat these as missing.
Total genotyping rate is 0.997899.
1430443 variants and 165 people pass filters and QC.
Among remaining phenotypes, 56 are cases and 56 are controls.  (53 phenotypes
are missing.)
--impute-sex: 23424 Xchr and 0 Ychr variant(s) scanned, all sexes imputed.
Report written to HapMap_3_r3_6.sexcheck .
--make-bed to HapMap_3_r3_6.bed + HapMap_3_r3_6.bim + HapMap_3_r3_6.fam ...
done.

End time: Sun May 22 10:48:48 2022
