PLINK v1.90b6.26 64-bit (2 Apr 2022)
Options in effect:
  --bfile HapMap_3_r3_6
  --chr 1-22
  --make-bed
  --out HapMap_3_r3_7

Hostname: francesco-latitudee6540
Working directory: /home/francesco/Dropbox/Corsi/Antropologia_Molecolare_e_genetica_delle_dipendenzeII/Esercitazioni/L3_2022/1_QC_GWAS
Start time: Wed May 25 15:34:26 2022

Random number seed: 1653485666
15906 MB RAM detected; reserving 7953 MB for main workspace.
1398544 out of 1430443 variants loaded from .bim file.
165 people (81 males, 84 females) loaded from .fam.
112 phenotype values loaded from .fam.
Using 1 thread (no multithreaded calculations invoked).
Before main variant filters, 112 founders and 53 nonfounders present.
Calculating allele frequencies... done.
Total genotyping rate is 0.99806.
1398544 variants and 165 people pass filters and QC.
Among remaining phenotypes, 56 are cases and 56 are controls.  (53 phenotypes
are missing.)
--make-bed to HapMap_3_r3_7.bed + HapMap_3_r3_7.bim + HapMap_3_r3_7.fam ...
done.

End time: Wed May 25 15:34:27 2022
