PLINK v1.90b6.26 64-bit (2 Apr 2022)
Options in effect:
  --bfile HapMap_3_r3_11
  --extract indepSNP.prune.in
  --genome
  --min 0.2
  --out pihat_min0.2_in_founders

Hostname: francesco-latitudee6540
Working directory: /home/francesco/Dropbox/Corsi/Antropologia_Molecolare_e_genetica_delle_dipendenzeII/Esercitazioni/L3_2022/1_QC_GWAS
Start time: Wed May 25 15:34:41 2022

Random number seed: 1653485681
15906 MB RAM detected; reserving 7953 MB for main workspace.
1073226 variants loaded from .bim file.
110 people (55 males, 55 females) loaded from .fam.
110 phenotype values loaded from .fam.
--extract: 104144 variants remaining.
Using up to 8 threads (change this with --threads).
Before main variant filters, 110 founders and 0 nonfounders present.
Calculating allele frequencies... done.
Total genotyping rate is 0.997978.
104144 variants and 110 people pass filters and QC.
Among remaining phenotypes, 55 are cases and 55 are controls.
IBD calculations complete.
Finished writing pihat_min0.2_in_founders.genome .

End time: Wed May 25 15:34:41 2022
